[0430/001605.853:ERROR:process_reader_win.cc(123)] NtOpenThread: {Access Denied} A process has requested access to an object, but has not been granted those access rights. (0xc0000022)
[0430/001606.357:ERROR:exception_snapshot_win.cc(98)] thread ID 5252 not found in process
[0716/141235.853:ERROR:process_reader_win.cc(151)] SuspendThread: Access is denied. (0x5)
[0716/141235.978:ERROR:process_reader_win.cc(151)] SuspendThread: Access is denied. (0x5)
[0829/075132.628:ERROR:process_reader_win.cc(151)] SuspendThread: Access is denied. (0x5)
[0829/075132.628:ERROR:process_reader_win.cc(151)] SuspendThread: Access is denied. (0x5)
[0829/075133.004:ERROR:process_reader_win.cc(151)] SuspendThread: Access is denied. (0x5)
[0829/075133.004:ERROR:process_reader_win.cc(151)] SuspendThread: Access is denied. (0x5)
[0829/075133.004:ERROR:process_reader_win.cc(151)] SuspendThread: Access is denied. (0x5)
[0829/075133.004:ERROR:process_reader_win.cc(151)] SuspendThread: Access is denied. (0x5)
[0829/075133.004:ERROR:process_reader_win.cc(151)] SuspendThread: Access is denied. (0x5)
[0829/075133.004:ERROR:process_reader_win.cc(151)] SuspendThread: Access is denied. (0x5)
[0829/075133.004:ERROR:process_reader_win.cc(151)] SuspendThread: Access is denied. (0x5)
[0829/075133.004:ERROR:process_reader_win.cc(151)] SuspendThread: Access is denied. (0x5)
[0829/075133.004:ERROR:process_reader_win.cc(151)] SuspendThread: Access is denied. (0x5)
[0829/075133.004:ERROR:process_reader_win.cc(151)] SuspendThread: Access is denied. (0x5)
[0829/075133.004:ERROR:process_reader_win.cc(151)] SuspendThread: Access is denied. (0x5)
[0829/075133.004:ERROR:process_reader_win.cc(151)] SuspendThread: Access is denied. (0x5)
[0829/075133.004:ERROR:process_reader_win.cc(151)] SuspendThread: Access is denied. (0x5)
[0829/075133.004:ERROR:process_reader_win.cc(151)] SuspendThread: Access is denied. (0x5)
[0829/075133.004:ERROR:process_reader_win.cc(151)] SuspendThread: Access is denied. (0x5)
[0829/075133.004:ERROR:process_reader_win.cc(123)] NtOpenThread: {Access Denied} A process has requested access to an object, but has not been granted those access rights. (0xc0000022)
[0829/075133.004:ERROR:process_reader_win.cc(123)] NtOpenThread: {Access Denied} A process has requested access to an object, but has not been granted those access rights. (0xc0000022)
[0829/075133.780:ERROR:exception_snapshot_win.cc(98)] thread ID 1788 not found in process
[0829/075133.780:ERROR:exception_snapshot_win.cc(98)] thread ID 7008 not found in process
[0829/075133.780:ERROR:scoped_process_suspend.cc(40)] NtResumeProcess: An attempt was made to access an exiting process. (0xc000010a)
[1111/112551.728:ERROR:directory_reader_win.cc(43)] FindFirstFile: The system cannot find the path specified. (0x3)
[1111/115137.633:ERROR:directory_reader_win.cc(43)] FindFirstFile: The system cannot find the path specified. (0x3)
[1111/115325.702:ERROR:directory_reader_win.cc(43)] FindFirstFile: The system cannot find the path specified. (0x3)
[1111/121801.343:ERROR:directory_reader_win.cc(43)] FindFirstFile: The system cannot find the path specified. (0x3)
[1111/122850.325:ERROR:directory_reader_win.cc(43)] FindFirstFile: The system cannot find the path specified. (0x3)
[1111/123223.131:ERROR:directory_reader_win.cc(43)] FindFirstFile: The system cannot find the path specified. (0x3)
[1111/123521.917:ERROR:directory_reader_win.cc(43)] FindFirstFile: The system cannot find the path specified. (0x3)
[1111/123707.027:ERROR:directory_reader_win.cc(43)] FindFirstFile: The system cannot find the path specified. (0x3)
[1111/131449.494:ERROR:directory_reader_win.cc(43)] FindFirstFile: The system cannot find the path specified. (0x3)
[1111/143146.917:ERROR:directory_reader_win.cc(43)] FindFirstFile: The system cannot find the path specified. (0x3)
[1111/144459.538:ERROR:directory_reader_win.cc(43)] FindFirstFile: The system cannot find the path specified. (0x3)
[1111/160904.102:ERROR:directory_reader_win.cc(43)] FindFirstFile: The system cannot find the path specified. (0x3)
[1111/161834.078:ERROR:directory_reader_win.cc(43)] FindFirstFile: The system cannot find the path specified. (0x3)
[1111/170829.295:ERROR:directory_reader_win.cc(43)] FindFirstFile: The system cannot find the path specified. (0x3)
[1111/171230.517:ERROR:directory_reader_win.cc(43)] FindFirstFile: The system cannot find the path specified. (0x3)
[1111/173234.706:ERROR:directory_reader_win.cc(43)] FindFirstFile: The system cannot find the path specified. (0x3)
[1111/173239.381:ERROR:directory_reader_win.cc(43)] FindFirstFile: The system cannot find the path specified. (0x3)
[1111/223859.882:ERROR:directory_reader_win.cc(43)] FindFirstFile: The system cannot find the path specified. (0x3)
[1111/230315.215:ERROR:directory_reader_win.cc(43)] FindFirstFile: The system cannot find the path specified. (0x3)
[1112/094524.808:ERROR:directory_reader_win.cc(43)] FindFirstFile: The system cannot find the path specified. (0x3)
[1112/095708.738:ERROR:directory_reader_win.cc(43)] FindFirstFile: The system cannot find the path specified. (0x3)
[1112/105231.534:ERROR:directory_reader_win.cc(43)] FindFirstFile: The system cannot find the path specified. (0x3)
[1112/112326.840:ERROR:directory_reader_win.cc(43)] FindFirstFile: The system cannot find the path specified. (0x3)
[1112/132407.554:ERROR:directory_reader_win.cc(43)] FindFirstFile: The system cannot find the path specified. (0x3)
[1112/133635.101:ERROR:directory_reader_win.cc(43)] FindFirstFile: The system cannot find the path specified. (0x3)
[1112/133814.664:ERROR:directory_reader_win.cc(43)] FindFirstFile: The system cannot find the path specified. (0x3)
[1112/152718.469:ERROR:directory_reader_win.cc(43)] FindFirstFile: The system cannot find the path specified. (0x3)
[1112/155723.310:ERROR:directory_reader_win.cc(43)] FindFirstFile: The system cannot find the path specified. (0x3)
[1112/161107.284:ERROR:directory_reader_win.cc(43)] FindFirstFile: The system cannot find the path specified. (0x3)
[1112/225017.412:ERROR:directory_reader_win.cc(43)] FindFirstFile: The system cannot find the path specified. (0x3)
[1112/230315.789:ERROR:directory_reader_win.cc(43)] FindFirstFile: The system cannot find the path specified. (0x3)
[1112/230719.879:ERROR:directory_reader_win.cc(43)] FindFirstFile: The system cannot find the path specified. (0x3)
[1116/181601.014:ERROR:directory_reader_win.cc(43)] FindFirstFile: The system cannot find the path specified. (0x3)
